<?xml version="1.0" encoding="UTF-8"?>
<!-- Generated by org.testng.reporters.JUnitReportReporter -->
<testsuite hostname="DESKTOP-E405C4O" failures="0" tests="3" name="search.YahooSearch" time="36.962" errors="0" timestamp="2023-09-22T08:35:14 IST" skipped="0">
  <testcase classname="search.YahooSearch" name="doSearch" time="13.154"/>
  <testcase classname="search.YahooSearch" name="doSearch" time="12.413"/>
  <testcase classname="search.YahooSearch" name="doSearch" time="11.395"/>
</testsuite> <!-- search.YahooSearch -->
