<?xml version="1.0" encoding="UTF-8"?>
<!-- Generated by org.testng.reporters.JUnitReportReporter -->
<testsuite hostname="DESKTOP-E405C4O" failures="0" tests="4" name="mercury.MercuryTours" time="6.011" errors="0" timestamp="2023-09-22T08:35:14 IST" skipped="0">
  <testcase classname="mercury.MercuryTours" name="verifyOurCoachesPage" time="2.370"/>
  <testcase classname="mercury.MercuryTours" name="verifyContactUsPage" time="1.178"/>
  <testcase classname="mercury.MercuryTours" name="verifySFToursPage" time="1.357"/>
  <testcase classname="mercury.MercuryTours" name="verifySepcilizedToursPage" time="1.106"/>
</testsuite> <!-- mercury.MercuryTours -->
